iv4yg3OeLWAa3KXCLLBWIvPlAgfSl5LREQvQYp/lxUlg75HbfUHmea/7Xc1AotjnGqK7+Nt2bqjEdcKmiHEMRzCAX9qloNh4WFJZzbcRSILwDBQ5587P9hrFC1gKenl7i3VO/2qIzpLQiD7nahsxs7ZZ7ov5CoNPkRKT5BapJpA=
wJPCddkWZb0IH2lEedT7+IihcVzWPv8izckhkDPv1pVIgEoSw6zhlcUsuwpxveUIG8z/TAs6zzlnheWQPEq8SfntqJM6Vtm1fCwMgJWbPz8viojHmYMHC6sw0ny0nrYrPzzuGZCx6CdlJ0i+rmwOi927GWdEgaNxF8QjevOoV9g=
cN/UIIzaKnMbqAHJdtLrdukkgieoegrGZURHinGps/RkzntKsrYNxIE08Mk5tLvetQ7L40GGOJlpVB3adhh2ALDNLu4pqkFkJrCyxscuQXr8W0i5EHA63SI/gck5e58lWjZCydJkFuTFKUPeEXYjZTnT7STFfV2fXG/5snHDGKI=
AgX3G5jlA3vk1AYOiK/VJnyQhmAd99vw5AQJ2vlf9Khd8zUSyAg950g6fKX3xrts0scAOall72OvIQjsNh2KlrsuEpkiJK4MU/B62Xb32yit/HUZKJRdneetfBBVbBzFn//nHcFdB+VwPwp9TyiF7vC3F8vPxoUA6gQybzjNN98=
cia2YkPRjEYQjQNU1xwscrNEmVU/o0AQPk+RPjQY27SrB8XbSG6mOChtVhDPeWjhYc0LtdipHjArjcG8Y1tSWS8xvtrDpSE+lNccYq1rwhhFgC/r0saNLkCrL+e3RSoigVikxFPLY4004f8mraFZqDqR0CoQWFNoDbuFzyTNtqA=
ZUO61wzC/bnOXNs+Z+0xYxqjuPBFi26OpDqXbGU83lh/XfBjveHG8+vT9VQQxEVhr834SmQu2c+z48hbVU9tCIhtnxSh8p//EECpuI5CLAekKF93OqErwBPiJQNzeLLUgbbT2En0ZvZVXikMvLpJFu4TdN65rntiyAvIE/E6Lp8=
jkxShVxsydn4rUqRfbhG4uAJzAY8MtYYGPBDWkSlG4DERfHOuUvbyc8Mf4uWO92Q20SLKFDnObiL8OlGaF5AVHGKF1ArgciKNwG3KCq7paHYaYRVw14MyTmfKmrpXuU7eP33N73lvUQ7qeafb7b9xB81DCfDkoUuTLISub8pqG4=
T9QWUlAC66dnm8kV8cCjZNNATNta2Y1Q1OHxn3TRTMjndBzU0DXMe1DGBYEq35A84p3MNVpltUcCmVG/m8AEz+Cqick41HApbPIB4OmJ8CA8e2XqXRO8NHtiTgt73gKc0RPqDvG5jjex0rBuYJsFTxQ56uvs/iA/ZPUs/xZLTCw=
LBnrASJXBKUkd9w/EpXrtY4bjDNfhQqUBWP3IVSzGWehUhxwrODnHj5FuarDlKUw2BTguMaK0eY9MEa53ddfx8oCYcwUWbcpaT4rFD0sVZBY0MDYwp0FYdzsessODOHYwI5YkRGw4WEju8QLlqMJRjmL+EhWbEWNJ/JOk/wH2JQ=
pWnSlLYn5BKZ91z0bO4MYasQlbpQE6QxiAbAQAGSB5Xsrh0cpnSgF+GZrtci+pBAI2q3freHQ1+iZYibk1MNZuibiCVxHhZf7ScBwvwx055jzfcKhOvbcpHOzEcgAinyC+XGBKzGiqftUIZ/LjJhmAIHGLFfxPbKoK8Owts5IZc=
gOGmhING03fUlOfET0U77t2t9iXkP1H8vtplFVWoRLC4ZRnozl07h+GsShnX6SYHYFqGHZTOIh739v3SlfecVdaBhgD/IDbZBRWpGIR7NkXQbeTBAnKtx0w6jkJ5Ck9nKPdRbVijymhVORuF69Rmze44pM06DpbhT0lZ7TyTRk0=
s3kzN1fEpOXEx/BdLMHD1fr+KyXj3E03AodBbcpmOhrdhOZhklxDVlb5B+oR9SYAfIhEDvJKB4B1I2MJb11s9u95ZSPDXJEWwIDXB9+7Tz+NL7w8VqHjmeEdQCUhbQpSEsEVE4l3L0eojkMN0iy4IBNP+59qs+IW+phBc0JaPbg=
Qn7EXDYTKWIX+wMs1wnYJnAiaUb1RIV3r/xCri4Gg4AC0t6//+MoFhVY+XrLpFwNoHNTAYbnloRYvPjdIji1QmBZ0HX2L8UVQbcDeb6WbGrEZoWQq6pIO8EX9+iZI5UX9vse4viMIzO6BVS16e8PptXdJvLrvCcTXo9BUC/4guA=
AyMW4as5Iji3emlaCLH98z7EUXCyzCQqOhErx69vgbuoTWEQ5vD2tyY/IpVfW6FCSs0KzIywe+ZkGGYABpozdicRX0OdHGOcT+htU/7sbXHTEZyGpL/kn5l7E5o8hSGPJjvs1jujjZj2wjqd7n3eyzqr2UBQuH6pOD0v6l1PfOY=
MFAMv1yrIbZj7PNL3R99b+r6Dd8NxHsbxroc62+qxVx4zgr4qKCqvJG2puD32zJzEI2kSyec+Lc2MdDo5Ka6/1KZpFIPyOQMovlobrPY+jnhNd/xSriFEMFT8tlx5EQ0jR8ijTB93AYivh4baksLEDesjUYHNtHWxMVFD1FboxM=
fIddKApnleXfAgZMq9UuqrQcRR6wLyR1E9KYkt3h77xh/j/+KDqToqeHzaQ8FSMyucbDZKfDoksUNTxwQK6G1xcRXU4PTYDMGYikRHYnrguqKrrzROG1CzIyYbfGmHxNYfsvhUE+jaEGKWDovIdPeWNrR/kHHNF+fpJVRIks/MQ=
NjMREKIpQhkb6EG5YbRXppEHGrg74XpABCRyQnDA1X7Bb9xm4Zrr/RE4SFgOggtMYFVTz201PT/Ss9UBR+3DyU25wHtwlD7KJ2Zxt6qqNcMU0JCyrantD+dCi7fwxKJeId4UurxDP9zQnQrgmi7myw8wMTk0cCfid9onU7/h3ng=
O65bknwzkBCkb5gi8Ioh0FSX/1EsgKsSFdyhnjfvoW9B0ZwsvT/2LHUNaIWA3raH9IxdbE4NlGr96LH9I/ILd0wpw4Dnz1lhctl3iAvgWNpxlcObsXTl10ZRaF5QM0TvPjfx9L1IApTDuMsWdUVn1RZmMdprWLiK2j8lXCv0E8o=
L/JEncn00Mx1wj7+ln2hf03PqMon3Y9eOCPd5ekmSY3PwT1nmqGyfxzUawgvQuKen57nT/VJMc2cBSW4WblHTbmgQTPAeEMUGa5J+IcXa5Ts2XVLHZD/xEkKsxygDYb5nFVtjFdpRCtTwrj++SW3Y8HSsyhvgjQrTXcyXWwyREw=
KeNc9i3xgP7fszv7WSl0hjNNl1w1UJvAyz4lG6NHUCqP4G5M7ccrowibcCaUhPalfq1p7Vd2xxlsgLaS3Wa2yrO9uZLicxUGxU88MCTHi9Ofi9l93cHzYdWqgr4moWEe/U1meGsXK+Q6625xMfnLiJfRNkIM3cWOkYZmXWMSmSQ=
s7UiAJyiC+5g3M6mY8JUI3b/AXCdl2gQNlGw52NN5cYyKMf07udXuyfTZUlWWoDFRxpDsX+dbkcmKbsIMCeFJSpXz/GOEPGXZwR7qFXFQ6DVZ8m3W536i5c5jW4putIKg0coEtqh25hAbkty2tombI34lwVvlwSyKofSQlrUu6U=
GIZEOBxvBnCDzXB1Mhr+6HAxaC+1++XVzD5x5tWDnRwO9sugd2JGW4K1AOP3LuS9loVhmbbMwvqBFwQ33VuBC2Q9dHVjaZyyuKIRY7st/tlGe0Jffhh4IcReWjAoxccZgcNXqT3N5kaBHXTG1D+ywAfB5ktS2gxmFOtuOzrJ/vw=
ro7/ZuS0VPmzKm88aYO5NQreMUa/TFzrkAp6btuKTdRuOuIlEygYCf335NZHvSJFo5eWnnS0a6Hz08nNneVDNsHxuKbaH7PGu3f8+BsqYILwjjq04YL3IGAyayyY8Uhl9sPvLrC+xZkI8uE5z72CYVo1HVH0+CtsH8Ou+GqatYY=
HGVTCTDa/TfJRIh2IWfk+wPTsfimvav3lv9hktcn/5nnL5wdQQAw2KvcwEN0w4zq1xlxr4yOGqchv+mcinOW8buPiq2IlIJxUWrLfibK8BTC+tClr4poJjAUG1ghveRkh45MtHzJ8gnkId+x6mJsMpjSzOyQEu27Jf8K+iiwM38=
EfZRTxP2W+OfcRoUQikKTnv2KSq1P9uVB3HEVnkxRWRoo3+bROZwG0JaGbbPQLK03UJiQP8ht+uOB+pqV2SU9RvwqUMEE+OJ/ML9XwylHhTx7DSBo+SUnSPm69VrkTIwOJBe7R1wd99+BnsKPMzXy1NgwVR91wURBSDbULerdNM=
lyQFnuro/m46EP3wnEtBQ/YZDwFbhAuTcOkO6D2Mmy5I9lBrQoB8I66qrkHAZHN9B4JfzFvZV82ctb2sCDb6RqTJ7hEzDLqNL67+Al9lnQ5QNCfLQoJUktpCFuHxRqbVc23r6Y02jOXfkLRoN/4hD1Tp71rvNGCtbFdgIkJ2v3M=
ALypZiV09KAUwhENVigSiV7HXET7pS0z6rdJShnjYu32V+I0yiM6oKSg7IaO4GSitlHQxcpEF0KmMmMPBkMnDPqIRmDcxP1ujBbOWP0/51VX7SQ+fzx5pWnPujbgM4EtM9kgp74gpLv7BWav0p9BoYeH0INTd7lIMDrOPlf7IJI=
XskZCt/B/ccRqKOWduffkjzNg+VUTZrJP13voPHYI148J1yjUz0iih5F84F8YZfsDG/waBwJ1KJxZzx8LzXNv1grXR+6FwmCkHjhAO8WCPfrSR7u6HiYGrlL9zo2Kyd9sxVoHerX5xuqplAxiX7/uy1QXJsO+M24VND1nO4P920=
xNk+4oX+V9hdYIn8zFqAq6a26EYIVcI0nfRye9QeAbkj8nVWWhLCieJOoycnBZ/KtxY+BfB5KBNu2QobIzb+dUuGyVyP3xbFInfrKWBbFh13m5HmWGaOVoOsxuujl92aBRcXdSea2AIN6wvJW4wFyOom1aw0x/pc9/bEA9gmDV0=
twe/1l33eV8Y0Pak3JtaNSZam+j2E3t4ZdZf8KqYR4SjeasBn3Od7vbuQXh8gXFWe8Q3VPt+7d6vht224CPdpoqS+NA5fmpRoUJ+qdIqRiWxLFuwxR4oLeMtjj0vEXKi3gnXZOC5pEpi9qsvLjP2rmNnzFjxTWvl7hwT38cVwuE=
bsXdXj07HvxKc9jRwRXWHnvlQjOBq4Syaa6h2DHU1LuHqKgYj6M0Gat4eMLq8uhQigJ1QwZeaBd8QUnf9reBHggQZsjDaUaY36BqI/TGnj43ErmiNtouR2KKuEsMC22TriG+GkHp83xRQ4MswZMI1KAANdMZ/VVjtQ9jz/r0NVM=
qi9xcdLpMfocj6hGCpq6vCq62e7WLAIJ+ZrAWw5rDG0IzZdZ90wKYYEfy560IgO1TI3WgIs8LpQZiHrwpcYBnAdoH1IiNF4jwZytxqlx1VkCBlZDd25skJ2+dZSifPmewVzpLSc0BdcQUm2/afou96NmJYN7tqZMPWMlj8yMWTM=
nVE8/Wbfmp5ZnlehXWuD5Ye0kkIW3lz5lSSE5jYN5MrgN6RV90AG92lowee5hlAX0LGu/1W2v9vbXc3QjRgOZHk0Q/0Xb1ROhFU+BydjiAIVW6Y/82ChAKjWBHwdU8tg0KnNmwM/BPwwla5J+B3BI6JOty/6+uBh9nANEjuZ9Ns=
US1YEKBZQMURah2Zy+7TAbE9p51eR8F7bXnLPdFBD/cbhvQlEt5IQ1ehmci09wW5w7OfJrQIy35upSeijKX5uTkVKTVh/NbmDqXRrl3kODuRWVQCYgvU9GLZHWDiQ1lTMq33sxMwBt5tJgNV0G2u96lnqrxdqwGObqi8aOzfE8s=
V7KiMXxgrzu+L0Do/cVeSWseG8meBevL4aC79x1vZPC/TSPIxiOO7c76Ya0/BCG2t3NN1lL8lQY95ObGfzanjhbeliIWJpFn2RZfZZWrlOqFAu8oos8MMYHDM3Uu6WzOwuBtzWJOKzfiryZ/POZI8+zQ8My22G4vLEzjE2V/kzY=
BQYFWHccIXYdygleeSiRiuWxHEvD+XNoZSEjhqAU1hnBHc83zI5qkU/nuH8O/sXoTkgsOdI4wYwNV6N38MALzjofIVYb1APOE1gP9PGM4u2GriyKvrYlKqreU3nzfM+a5TX7NWKpebdv+Dt1uQSWFoD23yntMDdRA7ojpUgVHv4=
CzkoX6rFAyi/OHkyUYms67k2zlh0bAHxEbbC27LvQRQrcIVPjXjtcTbDnQLG0M1J7U3cK17mc5oC8vy/YNsbqBycqvtDAiakQD5Qy8ypd2A3+U6lg6XWm62IGZfoQfeZvkLzmggCnZN6uiazNw/cROdLflmM628EWP1PSK4VTYE=
tUwEquVcUT18xUboqVwfGE+fzhGfHt9/YNVv75FD7alRcYXk7qp81SrVKQhcxEk6iCen6+UTMwMDVzQrCaFbH75xnQVqMRXGQUMmBaNAo6h9Wi8UW8YRoulhqn8d6LgxhUjz/jbtBKGWEXQ8V7h7RKq8NJFbqBem/Qp40UCz5LM=
s54MY0afLQvrgEtExbMSReDtBP3+242hW1j24mocXdokz9P7w/tiGExRx4+TQCs7zxM+p5iJZWwx/id+PVZ9FNye44dacelKqxjslTUeUE4tKBeUPP8Ayvm8CdUGcptXUkIb50xOGWmNFRpcSNbc/NZj6OKPG1o/SBcKDLmf23w=
NYAQ60YzL8LXgpI34lqQ60cEJSlu00C2aTk42JVWoKXJO0o9x1PbXjKfOeva7Qummu8wElKyKW6XriQoWPIGs2icX2mas8L+g93qByHtnD7XCD1BXYJEQGPhv2UQDkwwoI1NoLIKe3vdZLrBJ21aykC8T8ruFD/8r4Z+0aqukG8=
U4ree3xO6WrF0uouP3bRyQnacsNZMGtJN4Gvct64V+kJL5if894wtqwN9oCUqr80X0JOM1bWIY8UrVT1czfRzFGDpDGFt/LGHu4pgVkmUjs03RSDjPweH6rQ8lx97+T8qBs4jVShN3pKpU8YL9ip99kPmGkUr7GL0qDo7JAh/is=
Cyb9nbaikXWcASYl8NOcRt8WKZrUvxeyhdNIMJ3m7P0OmpCp7TijfrwP01vIscNt30HFy9KVWf+oHzXxLRkEgmDerfC+rtmrwTvrwB/9iP0p5yH8SsJpwCmQAKC1/tHlmY1scynkDcjnmcsNJSES/5a5VvjewDc31iIjcIKCPnU=
iWdIY57Db8/ssUGaZilb2rFTu51UphJZR58d0A0ntTSNHlAM2oqdTt6qjGHxECv532t/RZ4rkTgenHIpnsZhdinb8S5Qn2z6KOx4Zp2UJxCLk0AK7WZwu2SY8Q0IfOBuBKUMnoP82FL10WdxK1f9CWfrol27elLfKybm54PWpn8=
fd8tJ8dRLNI6gORXSIETgeCfbm/1zrJli1QPpBdWEgZZ0JlF2ESwNdP007gKvnPPO6ClmVcaG9c7OyVIHuvR63oCnCC/HrPf9AURccUnHyWEf2Op82E/iR32YYuNpablBsJux9ezgInLFfSE8/xVzWfWk8BlAjneUNb/jQrRcGQ=
e4CRN2FJUxTD+GqNsjmy6u6/rhifbZtwFseVuVok1Esi1Dt45k7VoxPsrgfxJBK1kSSqc7j1gQOJt8jgI/B3IyBhEcpbFBPlbdzyIjK1PeuSya9LjWQiayXV+Lu5yRQid5qWij0ph+LTYcXAHP80iDEx6elxWJMn4nZKEmP5W3U=
YkZecrb+a05X/r6s1ue//nSPOPC+d5DqESWgcij1+zZm//ZI+XisPCrV2XPS+gqSYltlvkUFz+SDkJw9dr98b6trBCgZpomZBDw964w0w0TWW7Y3+sAkYOXSCs4N/yQxYsVgJatlLYCpGMlRVPx4+k/xu3LNyKzC9FfERZdyNas=
cRb0qV6PZuT/36decyaXoDkq3sD2U+pgsEIW6Eain/4IK6p3croVP57ChFZrgI1ooGBee83oAdEgm5NxTVViWfc9KhWZO4fVdbeyD6EESaOyF7a+7x5o60yF5vW7Zo0MkDgHN0mcVmivfUf8ntHY+9KNq54koz/xH7uvx9YAiNY=
lonjlngTYhpxQd3zkoD5SloWQfOsDEvCfilxb2JGhkh7G1E8PHrlEpLR/kciMVCrcDCPSrCcxDfBxShjRx0hLUplLldtkhqHRl2W6tTEa5FLepmGuH/Q33Nxbb6sm5e8zeQgNdYKvJ0TGcRKoS+YySrAIzQvhiZBgJxvim9pfgc=
snQP/D3SYKk7U5Wucpok033x/8qCubPJs5mY5BYN19bM7ocpxehb04+PSEA1MtzXdhHcJvLnN099bOPx6tNucQjbPwRAcRgfoynLtsCH2+eL/THrKZQXJU+5O+uW+0OJYLWiIrydURpY5S3dSWjP4W5G+UDIjGrA/mrQs2S0JXU=
N9dec94H0zWGPpogjS8B3jdsIeXaBeQG41+wFGAo+C49hR4zQDImp0DWSVTn7hVU1GJhnXO3sVvMPRrIcsCKAQZiQG4md2b7OErU3zyjx8uq6/W+3sy9tFu2SuHh+54pOpBjhV4jNLtpVg4J52qaqnokOWq48YKIRd+m868o+Kg=
uAy5PJSh/NrIcQh4XjeubdtSDCzOPp6Xcl9dHF86boD2G07mCp+dslA4HurdeKqUC4bG0kmdCopl4kjhMhUkdIp65cNOHosnB13xpYWIrSgf83VugoLssQwjbJIc0yjUibnrmN4DvYgJ0826bB5tAFkd84lqGh9pKUY3gQF+0L4=
WcvqGrJ85QsuhRqmmM21zp5vDCDjoA1W5mEdqRSTstYpp364sJfqHCluhRuIPDZbvZtSOm15SzdK6Sif87CKYRVPIp8h/39f0ex/JAoauTcl2SQfmo4gMr6t4hY6eQi/9A0hCOyx53D+FNdJg15ARQSI/yb8bnWRON43MxDwVIc=
Hl+tj0Tuw4MI/y/ga0uYOHlkzmTcJD3iG4lnIBh80QIgkbRdtddrQ4t/S2Th5AfPPUsaUiuMMcTcPoROJKOJcymv6nr7muHK7nh/sqqWVMGEkxB8IJxX78ZUfsrlaP7G6hm+unyNpmPnTEA9Aye599mQjYWHEXCeLHbpJ2fCGKo=
fmyqIVkemaOzzRf8U4/LlS49gIeGoM3CnHk/0tmdIINdUV1oLqwBxL8Gz9lcpRs1AsDW6Vj/cV+Q8znd7hqcIG14pLoVMNp7raKhq39uDejn1+pR71aCWRmFkt3AlgxAGUGURMzHVG8DFTX4NJw3Kb1xw0h4N9P1LXnfvka+cl0=
ijsFStbhxgunoalbieUgfXHFTm7iSZBxRmCab/KwqLfedAuCMNMgAUGb/3H3PgutlGB1KEGUTzqbdD9kMawoAiLYueznL6ED7Hk0Rjv7IutQhyYwoNY87l8/DvoiUPUVWHB8lVHJN0xkWK6yYr3P+MQ8gGc8Bpc4wUujdEhdgjs=
CLEOQq/JTeoGqWQ86+olqTPMJryXgQH73xwoYIUtyedjqUOy1usyw2sq/Mrpnls13zFLCZTHqG6UQ3HbGfcZArRwwYAaAAC6cVrdDrGZaykQ2243dbk/Xs63K/k/N6QsxGxhoXuDrBl5cZxk5kdhyO+rK29KaaGJAbgWkuYujZQ=
fCv6+GsWdLIJAOn+Gol/GuYFGcPYLA7XW1TUrlWD4MAcmXv+o9CnNo5LyO2ybK7d1iunVtCcXsUz0V04dRHeFU7XIPAQkRXyoWNF4MD73e4MfLLxMbntj/2Gh5VyfXTgaiqHQbWbs7NHyfeER4UVkQad8KxMds2NSq3BQRs4zyI=
xF/k8ncuPx1OTyeJwOGxCqm2ocEq/5+3iArxjnD882wmRCsJpqGdIl+Yw4gyFbpbN/0KWSyptS1/ROyzXbK4i56vTaI/IUA8Mp2ufdN+tYY9o2yi92wCY8QcWiDiLV3ZOI35VNj4queYCfXsnTwPrj+uNuZ4ggWCXQGNycpuFLc=
mFJ480u3M9AWa+yz++3OKqsz8GkCVF7g14G3rSkqC+LKMhSLKfzgtHpTbSpSeWfVTh3Ez4AAUtiTLoSBf3LH6uS5Qgnnd1EA4lToNSelrDCNV+XO1EDuce40eBEDksYlUgpRiSwGLABh6cTtSwvQnuSCHrabkUU8e3i0JWZjbnU=
